{"/mnt/c/Users/james/MAKERS-PROJECTS/gildedrose_challenge/src/gilded_rose.js": {"path":"/mnt/c/Users/james/MAKERS-PROJECTS/gildedrose_challenge/src/gilded_rose.js","statementMap":{"0":{"start":{"line":3,"column":4},"end":{"line":3,"column":21}},"1":{"start":{"line":4,"column":4},"end":{"line":4,"column":25}},"2":{"start":{"line":5,"column":4},"end":{"line":5,"column":27}},"3":{"start":{"line":11,"column":4},"end":{"line":11,"column":23}},"4":{"start":{"line":15,"column":4},"end":{"line":27,"column":5}},"5":{"start":{"line":15,"column":17},"end":{"line":15,"column":18}},"6":{"start":{"line":16,"column":6},"end":{"line":26,"column":7}},"7":{"start":{"line":17,"column":8},"end":{"line":17,"column":30}},"8":{"start":{"line":18,"column":13},"end":{"line":26,"column":7}},"9":{"start":{"line":19,"column":8},"end":{"line":19,"column":33}},"10":{"start":{"line":20,"column":13},"end":{"line":26,"column":7}},"11":{"start":{"line":21,"column":8},"end":{"line":21,"column":37}},"12":{"start":{"line":22,"column":13},"end":{"line":26,"column":7}},"13":{"start":{"line":23,"column":8},"end":{"line":23,"column":35}},"14":{"start":{"line":25,"column":8},"end":{"line":25,"column":33}},"15":{"start":{"line":28,"column":4},"end":{"line":28,"column":22}},"16":{"start":{"line":33,"column":4},"end":{"line":37,"column":5}},"17":{"start":{"line":34,"column":6},"end":{"line":34,"column":31}},"18":{"start":{"line":35,"column":11},"end":{"line":37,"column":5}},"19":{"start":{"line":36,"column":6},"end":{"line":36,"column":32}},"20":{"start":{"line":42,"column":4},"end":{"line":46,"column":5}},"21":{"start":{"line":43,"column":6},"end":{"line":43,"column":32}},"22":{"start":{"line":45,"column":6},"end":{"line":45,"column":32}},"23":{"start":{"line":47,"column":4},"end":{"line":47,"column":30}},"24":{"start":{"line":48,"column":4},"end":{"line":48,"column":29}},"25":{"start":{"line":53,"column":4},"end":{"line":57,"column":5}},"26":{"start":{"line":54,"column":6},"end":{"line":54,"column":32}},"27":{"start":{"line":56,"column":6},"end":{"line":56,"column":32}},"28":{"start":{"line":58,"column":4},"end":{"line":58,"column":30}},"29":{"start":{"line":59,"column":4},"end":{"line":59,"column":29}},"30":{"start":{"line":64,"column":4},"end":{"line":72,"column":5}},"31":{"start":{"line":65,"column":6},"end":{"line":65,"column":31}},"32":{"start":{"line":66,"column":11},"end":{"line":72,"column":5}},"33":{"start":{"line":67,"column":6},"end":{"line":67,"column":32}},"34":{"start":{"line":68,"column":11},"end":{"line":72,"column":5}},"35":{"start":{"line":69,"column":6},"end":{"line":69,"column":32}},"36":{"start":{"line":71,"column":6},"end":{"line":71,"column":32}},"37":{"start":{"line":73,"column":4},"end":{"line":73,"column":30}},"38":{"start":{"line":74,"column":4},"end":{"line":74,"column":29}},"39":{"start":{"line":79,"column":4},"end":{"line":83,"column":5}},"40":{"start":{"line":80,"column":6},"end":{"line":80,"column":32}},"41":{"start":{"line":82,"column":6},"end":{"line":82,"column":32}},"42":{"start":{"line":84,"column":4},"end":{"line":84,"column":30}},"43":{"start":{"line":85,"column":4},"end":{"line":85,"column":29}},"44":{"start":{"line":89,"column":0},"end":{"line":92,"column":1}}},"fnMap":{"0":{"name":"(anonymous_0)","decl":{"start":{"line":2,"column":2},"end":{"line":2,"column":3}},"loc":{"start":{"line":2,"column":36},"end":{"line":6,"column":3}},"line":2},"1":{"name":"(anonymous_1)","decl":{"start":{"line":10,"column":2},"end":{"line":10,"column":3}},"loc":{"start":{"line":10,"column":23},"end":{"line":12,"column":3}},"line":10},"2":{"name":"(anonymous_2)","decl":{"start":{"line":14,"column":2},"end":{"line":14,"column":3}},"loc":{"start":{"line":14,"column":17},"end":{"line":29,"column":3}},"line":14},"3":{"name":"(anonymous_3)","decl":{"start":{"line":31,"column":2},"end":{"line":31,"column":3}},"loc":{"start":{"line":31,"column":22},"end":{"line":38,"column":3}},"line":31},"4":{"name":"(anonymous_4)","decl":{"start":{"line":40,"column":2},"end":{"line":40,"column":3}},"loc":{"start":{"line":40,"column":22},"end":{"line":49,"column":3}},"line":40},"5":{"name":"(anonymous_5)","decl":{"start":{"line":51,"column":2},"end":{"line":51,"column":3}},"loc":{"start":{"line":51,"column":19},"end":{"line":60,"column":3}},"line":51},"6":{"name":"(anonymous_6)","decl":{"start":{"line":62,"column":2},"end":{"line":62,"column":3}},"loc":{"start":{"line":62,"column":26},"end":{"line":75,"column":3}},"line":62},"7":{"name":"(anonymous_7)","decl":{"start":{"line":77,"column":2},"end":{"line":77,"column":3}},"loc":{"start":{"line":77,"column":24},"end":{"line":86,"column":3}},"line":77}},"branchMap":{"0":{"loc":{"start":{"line":10,"column":14},"end":{"line":10,"column":22}},"type":"default-arg","locations":[{"start":{"line":10,"column":20},"end":{"line":10,"column":22}}],"line":10},"1":{"loc":{"start":{"line":16,"column":6},"end":{"line":26,"column":7}},"type":"if","locations":[{"start":{"line":16,"column":6},"end":{"line":26,"column":7}},{"start":{"line":18,"column":13},"end":{"line":26,"column":7}}],"line":16},"2":{"loc":{"start":{"line":18,"column":13},"end":{"line":26,"column":7}},"type":"if","locations":[{"start":{"line":18,"column":13},"end":{"line":26,"column":7}},{"start":{"line":20,"column":13},"end":{"line":26,"column":7}}],"line":18},"3":{"loc":{"start":{"line":20,"column":13},"end":{"line":26,"column":7}},"type":"if","locations":[{"start":{"line":20,"column":13},"end":{"line":26,"column":7}},{"start":{"line":22,"column":13},"end":{"line":26,"column":7}}],"line":20},"4":{"loc":{"start":{"line":22,"column":13},"end":{"line":26,"column":7}},"type":"if","locations":[{"start":{"line":22,"column":13},"end":{"line":26,"column":7}},{"start":{"line":24,"column":13},"end":{"line":26,"column":7}}],"line":22},"5":{"loc":{"start":{"line":33,"column":4},"end":{"line":37,"column":5}},"type":"if","locations":[{"start":{"line":33,"column":4},"end":{"line":37,"column":5}},{"start":{"line":35,"column":11},"end":{"line":37,"column":5}}],"line":33},"6":{"loc":{"start":{"line":35,"column":11},"end":{"line":37,"column":5}},"type":"if","locations":[{"start":{"line":35,"column":11},"end":{"line":37,"column":5}},{"start":{},"end":{}}],"line":35},"7":{"loc":{"start":{"line":42,"column":4},"end":{"line":46,"column":5}},"type":"if","locations":[{"start":{"line":42,"column":4},"end":{"line":46,"column":5}},{"start":{"line":44,"column":11},"end":{"line":46,"column":5}}],"line":42},"8":{"loc":{"start":{"line":53,"column":4},"end":{"line":57,"column":5}},"type":"if","locations":[{"start":{"line":53,"column":4},"end":{"line":57,"column":5}},{"start":{"line":55,"column":11},"end":{"line":57,"column":5}}],"line":53},"9":{"loc":{"start":{"line":64,"column":4},"end":{"line":72,"column":5}},"type":"if","locations":[{"start":{"line":64,"column":4},"end":{"line":72,"column":5}},{"start":{"line":66,"column":11},"end":{"line":72,"column":5}}],"line":64},"10":{"loc":{"start":{"line":66,"column":11},"end":{"line":72,"column":5}},"type":"if","locations":[{"start":{"line":66,"column":11},"end":{"line":72,"column":5}},{"start":{"line":68,"column":11},"end":{"line":72,"column":5}}],"line":66},"11":{"loc":{"start":{"line":68,"column":11},"end":{"line":72,"column":5}},"type":"if","locations":[{"start":{"line":68,"column":11},"end":{"line":72,"column":5}},{"start":{"line":70,"column":11},"end":{"line":72,"column":5}}],"line":68},"12":{"loc":{"start":{"line":79,"column":4},"end":{"line":83,"column":5}},"type":"if","locations":[{"start":{"line":79,"column":4},"end":{"line":83,"column":5}},{"start":{"line":81,"column":11},"end":{"line":83,"column":5}}],"line":79}},"s":{"0":19,"1":19,"2":19,"3":19,"4":19,"5":19,"6":19,"7":4,"8":15,"9":3,"10":12,"11":4,"12":8,"13":4,"14":4,"15":19,"16":19,"17":5,"18":14,"19":3,"20":4,"21":3,"22":1,"23":4,"24":4,"25":4,"26":2,"27":2,"28":4,"29":4,"30":4,"31":1,"32":3,"33":1,"34":2,"35":1,"36":1,"37":4,"38":4,"39":4,"40":2,"41":2,"42":4,"43":4,"44":1},"f":{"0":19,"1":19,"2":19,"3":19,"4":4,"5":4,"6":4,"7":4},"b":{"0":[0],"1":[4,15],"2":[3,12],"3":[4,8],"4":[4,4],"5":[5,14],"6":[3,11],"7":[3,1],"8":[2,2],"9":[1,3],"10":[1,2],"11":[1,1],"12":[2,2]},"_coverageSchema":"1a1c01bbd47fc00a2c39e90264f33305004495a9","hash":"daafa6af88aaaf1ec8458f7f93f0dd21c1568add"}
}
