TN:
SF:src/gilded_rose.js
FN:2,(anonymous_0)
FN:10,(anonymous_1)
FN:14,(anonymous_2)
FN:31,(anonymous_3)
FN:40,(anonymous_4)
FN:51,(anonymous_5)
FN:62,(anonymous_6)
FN:77,(anonymous_7)
FNF:8
FNH:8
FNDA:19,(anonymous_0)
FNDA:19,(anonymous_1)
FNDA:19,(anonymous_2)
FNDA:19,(anonymous_3)
FNDA:4,(anonymous_4)
FNDA:4,(anonymous_5)
FNDA:4,(anonymous_6)
FNDA:4,(anonymous_7)
DA:3,19
DA:4,19
DA:5,19
DA:11,19
DA:15,19
DA:16,19
DA:17,4
DA:18,15
DA:19,3
DA:20,12
DA:21,4
DA:22,8
DA:23,4
DA:25,4
DA:28,19
DA:33,19
DA:34,5
DA:35,14
DA:36,3
DA:42,4
DA:43,3
DA:45,1
DA:47,4
DA:48,4
DA:53,4
DA:54,2
DA:56,2
DA:58,4
DA:59,4
DA:64,4
DA:65,1
DA:66,3
DA:67,1
DA:68,2
DA:69,1
DA:71,1
DA:73,4
DA:74,4
DA:79,4
DA:80,2
DA:82,2
DA:84,4
DA:85,4
DA:89,1
LF:44
LH:44
BRDA:10,0,0,0
BRDA:16,1,0,4
BRDA:16,1,1,15
BRDA:18,2,0,3
BRDA:18,2,1,12
BRDA:20,3,0,4
BRDA:20,3,1,8
BRDA:22,4,0,4
BRDA:22,4,1,4
BRDA:33,5,0,5
BRDA:33,5,1,14
BRDA:35,6,0,3
BRDA:35,6,1,11
BRDA:42,7,0,3
BRDA:42,7,1,1
BRDA:53,8,0,2
BRDA:53,8,1,2
BRDA:64,9,0,1
BRDA:64,9,1,3
BRDA:66,10,0,1
BRDA:66,10,1,2
BRDA:68,11,0,1
BRDA:68,11,1,1
BRDA:79,12,0,2
BRDA:79,12,1,2
BRF:25
BRH:24
end_of_record
